[00:34:37] [main/INFO]: Setting user: Player640
[00:34:38] [Client thread/INFO]: LWJGL Version: 2.9.1
[00:34:45] [Client thread/INFO]: Reloading ResourceManager: Default, FMLFileResourcePack:Forge Mod Loader, FMLFileResourcePack:Minecraft Forge, FMLFileResourcePack:Zen Technology
[00:34:46] [Sound Library Loader/INFO]: Sound engine started
[00:34:47] [Client thread/INFO]: Created: 16x16 textures/blocks-atlas
[00:34:47] [Client thread/INFO]: Created: 16x16 textures/items-atlas
[00:34:47] [Client thread/INFO]: Reloading ResourceManager: Default, FMLFileResourcePack:Forge Mod Loader, FMLFileResourcePack:Minecraft Forge, FMLFileResourcePack:Zen Technology
[00:34:47] [Client thread/INFO]: Created: 512x256 textures/blocks-atlas
[00:34:47] [Client thread/INFO]: Created: 256x256 textures/items-atlas
[00:34:48] [Sound Library Loader/INFO]: Sound engine started
[00:35:01] [Server thread/INFO]: Starting integrated minecraft server version 1.7.10
[00:35:01] [Server thread/INFO]: Generating keypair
[00:35:01] [Server thread/INFO]: Preparing start region for level 0
[00:35:02] [Server thread/INFO]: Changing view distance to 12, from 10
[00:35:02] [Server thread/INFO]: Player640[local:E:a7ba8a04] logged in with entity id 350 at (80.3552685864138, 66.15473176351254, 243.42678973078444)
[00:35:02] [Server thread/INFO]: Player640 joined the game
[00:35:05] [Server thread/INFO]: Player640 has just earned the achievement [Taking Inventory]
[00:35:05] [Client thread/INFO]: [CHAT] Player640 has just earned the achievement [Taking Inventory]
[00:35:30] [Client thread/INFO]: Stopping!
[00:35:30] [Server thread/INFO]: Stopping server
[00:35:30] [Server thread/INFO]: Saving players
[00:35:30] [Server thread/INFO]: Saving worlds
[00:35:30] [Server thread/INFO]: Saving chunks for level 'New World'/Overworld
[00:35:30] [Server thread/INFO]: Saving chunks for level 'New World'/Nether
[00:35:30] [Server thread/INFO]: Saving chunks for level 'New World'/The End
[00:35:31] [Client Shutdown Thread/INFO]: Stopping server
[00:35:31] [Client Shutdown Thread/INFO]: Saving players
